########### array before sorts ###########
0	3.810000	11.430000	100.000000	11.430000	n
1	100.000000	11.430000	100.000000	71.110000	n
2	100.000000	71.110000	3.810000	71.110000	n
3	3.810000	71.110000	3.810000	11.430000	n
Tolerance=0.050000.
*Exact match for i=0 and j=1.
*i point 3.810000	11.430000	100.000000	11.430000	y
*Exact match for i=1 and j=2.
*i point 100.000000	11.430000	100.000000	71.110000	y
*Exact match for i=2 and j=3.
*i point 100.000000	71.110000	3.810000	71.110000	y
########### array after sorts ###########
0	3.810000	11.430000	100.000000	11.430000	y
1	100.000000	11.430000	100.000000	71.110000	y
2	100.000000	71.110000	3.810000	71.110000	y
3	3.810000	71.110000	3.810000	11.430000	y
***************
.BOARD_OUTLINE UNOWNED
1.6
0     3.810000     11.430000     0
0     100.000000     11.430000     0
0     100.000000     71.110000     0
0     3.810000     71.110000     0
0     3.810000     11.430000     0
